2023-12-23 13:26:39 INFO  Adactin Hotel:63 - Browser Going To Launch
  2023-12-23 13:26:39 INFO  Adactin Hotel:64 - ChromeBrowser Launched
  2023-12-23 13:26:40 INFO  Adactin Hotel:66 - Maximizing Browser
  2023-12-23 13:26:44 INFO  Adactin Hotel:68 - Url Hit
  2023-12-23 13:29:55 INFO  Adactin Hotel:63 - Browser Going To Launch
  2023-12-23 13:29:55 INFO  Adactin Hotel:64 - ChromeBrowser Launched
  2023-12-23 13:29:55 INFO  Adactin Hotel:66 - Maximizing Browser
  2023-12-23 13:29:59 INFO  Adactin Hotel:68 - Url Hit
  2023-12-23 13:30:00 INFO  Adactin Hotel:61 - User Entered The Valid UserName
  2023-12-23 13:30:00 INFO  Adactin Hotel:67 - User Entered The Valid PassWord
  2023-12-23 13:30:01 INFO  Adactin Hotel:73 - User Clicked LoginButton
  2023-12-23 13:30:02 INFO  Adactin Hotel:77 - User Login Success And Pass Snap Capture
  2023-12-23 13:30:03 INFO  Adactin Hotel:91 - User Logout Pass And Pass Snap Capture
  2023-12-23 14:15:00 INFO  Adactin Hotel:63 - Browser Going To Launch
  2023-12-23 14:15:00 INFO  Adactin Hotel:64 - ChromeBrowser Launched
  2023-12-23 14:15:00 INFO  Adactin Hotel:66 - Maximizing Browser
  2023-12-23 14:15:04 INFO  Adactin Hotel:68 - Url Hit
  2023-12-23 14:15:17 INFO  Adactin Hotel:77 - User Is On AdactinHotel Login Page And Snap Capture For Reference
  2023-12-23 14:15:17 INFO  Adactin Hotel:88 - User Entered The Valid UserName
  2023-12-23 14:15:17 INFO  Adactin Hotel:94 - User Entered The Valid PassWord
  2023-12-23 14:15:20 INFO  Adactin Hotel:100 - User Clicked LoginButton
  2023-12-23 14:15:21 INFO  Adactin Hotel:105 - User Login Success And Pass Snap Capture
  2023-12-23 14:37:57 INFO  Adactin Hotel:63 - Browser Going To Launch
  2023-12-23 14:37:57 INFO  Adactin Hotel:64 - ChromeBrowser Launched
  2023-12-23 14:37:57 INFO  Adactin Hotel:66 - Maximizing Browser
  2023-12-23 14:38:01 INFO  Adactin Hotel:68 - Url Hit
  2023-12-23 14:38:03 INFO  Adactin Hotel:77 - User Is On AdactinHotel Login Page And Snap Capture For Reference
  2023-12-23 14:38:04 INFO  Adactin Hotel:88 - User Entered The Valid UserName
  2023-12-23 14:38:04 INFO  Adactin Hotel:94 - User Entered The Valid PassWord
  2023-12-23 14:38:05 INFO  Adactin Hotel:100 - User Clicked LoginButton
  2023-12-23 14:38:05 INFO  Adactin Hotel:105 - User Login Success And Pass Snap Capture
  2023-12-23 15:30:06 INFO  Adactin Hotel:65 - Browser Going To Launch
  2023-12-23 15:30:06 INFO  Adactin Hotel:66 - ChromeBrowser Launched
  2023-12-23 15:30:07 INFO  Adactin Hotel:68 - Maximizing Browser
  2023-12-23 15:30:10 INFO  Adactin Hotel:70 - Url Hit
  2023-12-23 15:30:12 INFO  Adactin Hotel:77 - User Is On AdactinHotel Login Page And Snap Capture For Reference
  2023-12-23 15:30:13 INFO  Adactin Hotel:88 - User Entered The Valid UserName
  2023-12-23 15:30:13 INFO  Adactin Hotel:94 - User Entered The Valid PassWord
  2023-12-23 15:30:15 INFO  Adactin Hotel:100 - User Clicked LoginButton
  2023-12-23 15:30:15 INFO  Adactin Hotel:105 - User Login Success And Pass Snap Capture
  